
10:08:18.924 [main] INFO  testCases.TC_001_AccountRegistration - Starting TC_001_AccountRegistration 
10:08:18.927 [main] INFO  testCases.TC_001_AccountRegistration - Launching Application
10:08:19.974 [main] INFO  testCases.TC_001_AccountRegistration - clicking and registering for MyAccount
10:08:20.621 [main] INFO  testCases.TC_001_AccountRegistration - provided FirstName
10:08:20.701 [main] INFO  testCases.TC_001_AccountRegistration - provided LastName
10:08:20.772 [main] INFO  testCases.TC_001_AccountRegistration - provided Email
10:08:20.842 [main] INFO  testCases.TC_001_AccountRegistration - provided telephone number
10:08:20.904 [main] INFO  testCases.TC_001_AccountRegistration - provided password and confirm password
10:08:21.022 [main] INFO  testCases.TC_001_AccountRegistration - clicked privacy policy
10:08:21.043 [main] INFO  testCases.TC_001_AccountRegistration - clicked   on continue
10:08:23.647 [main] INFO  testCases.TC_001_AccountRegistration - Validation Started
10:08:23.683 [main] INFO  testCases.TC_001_AccountRegistration - Registation test passed
10:14:48.748 [main] INFO  testCases.TC_001_AccountRegistration - Starting TC_001_AccountRegistration 
10:14:48.751 [main] INFO  testCases.TC_001_AccountRegistration - Launching Application
10:14:49.814 [main] INFO  testCases.TC_001_AccountRegistration - clicking and registering for MyAccount
10:14:50.614 [main] INFO  testCases.TC_001_AccountRegistration - provided FirstName
10:14:50.724 [main] INFO  testCases.TC_001_AccountRegistration - provided LastName
10:14:50.795 [main] INFO  testCases.TC_001_AccountRegistration - provided Email
10:14:50.861 [main] INFO  testCases.TC_001_AccountRegistration - provided telephone number
10:14:50.959 [main] INFO  testCases.TC_001_AccountRegistration - provided password and confirm password
10:14:51.183 [main] INFO  testCases.TC_001_AccountRegistration - clicked privacy policy
10:14:51.209 [main] INFO  testCases.TC_001_AccountRegistration - clicked   on continue
10:14:51.271 [main] INFO  testCases.TC_001_AccountRegistration - Validation Started
10:15:01.348 [main] ERROR testCases.TC_001_AccountRegistration - Registration test Failed
06:46:03.974 [main] INFO  testCases.TC_001_AccountRegistration - Starting TC_001_AccountRegistration 
06:46:03.977 [main] INFO  testCases.TC_001_AccountRegistration - Launching Application
06:46:08.216 [main] FATAL testCases.TC_001_AccountRegistration - Registration Failed
06:46:52.137 [main] INFO  testCases.TC_001_AccountRegistration - Starting TC_001_AccountRegistration 
06:46:52.140 [main] INFO  testCases.TC_001_AccountRegistration - Launching Application
06:46:56.539 [main] INFO  testCases.TC_001_AccountRegistration - clicking and registering for MyAccount
06:47:06.586 [main] FATAL testCases.TC_001_AccountRegistration - Registration Failed
06:47:32.325 [main] INFO  testCases.TC_001_AccountRegistration - Starting TC_001_AccountRegistration 
06:47:32.328 [main] INFO  testCases.TC_001_AccountRegistration - Launching Application
06:47:36.729 [main] INFO  testCases.TC_001_AccountRegistration - clicking and registering for MyAccount
06:47:42.248 [main] FATAL testCases.TC_001_AccountRegistration - Registration Failed
06:50:03.340 [main] INFO  testCases.TC_001_AccountRegistration - Starting TC_001_AccountRegistration 
06:50:03.343 [main] INFO  testCases.TC_001_AccountRegistration - Launching Application
06:50:07.706 [main] INFO  testCases.TC_001_AccountRegistration - clicking and registering for MyAccount
06:50:17.787 [main] FATAL testCases.TC_001_AccountRegistration - Registration Failed
07:35:26.533 [main] INFO  testCases.TC_001_AccountRegistration - Starting TC_001_AccountRegistration 
07:35:26.536 [main] INFO  testCases.TC_001_AccountRegistration - Launching Application
07:35:27.519 [main] INFO  testCases.TC_001_AccountRegistration - clicking and registering for MyAccount
07:35:28.125 [main] INFO  testCases.TC_001_AccountRegistration - provided FirstName
07:35:28.256 [main] INFO  testCases.TC_001_AccountRegistration - provided LastName
07:35:28.345 [main] INFO  testCases.TC_001_AccountRegistration - provided Email
07:35:28.432 [main] INFO  testCases.TC_001_AccountRegistration - provided telephone number
07:35:28.526 [main] INFO  testCases.TC_001_AccountRegistration - provided password and confirm password
07:35:28.747 [main] INFO  testCases.TC_001_AccountRegistration - clicked privacy policy
07:35:28.778 [main] INFO  testCases.TC_001_AccountRegistration - clicked   on continue
07:35:28.877 [main] INFO  testCases.TC_001_AccountRegistration - Validation Started
07:35:38.932 [main] ERROR testCases.TC_001_AccountRegistration - Registration test Failed
07:54:17.095 [main] INFO  testCases.TC_001_AccountRegistration - Starting TC_001_AccountRegistration 
07:54:17.098 [main] INFO  testCases.TC_001_AccountRegistration - Launching Application
07:54:17.910 [main] INFO  testCases.TC_001_AccountRegistration - clicking and registering for MyAccount
07:54:18.503 [main] INFO  testCases.TC_001_AccountRegistration - provided FirstName
07:54:18.598 [main] INFO  testCases.TC_001_AccountRegistration - provided LastName
07:54:18.674 [main] INFO  testCases.TC_001_AccountRegistration - provided Email
07:54:18.743 [main] INFO  testCases.TC_001_AccountRegistration - provided telephone number
07:54:18.827 [main] INFO  testCases.TC_001_AccountRegistration - provided password and confirm password
07:54:18.978 [main] INFO  testCases.TC_001_AccountRegistration - clicked privacy policy
07:54:19.002 [main] INFO  testCases.TC_001_AccountRegistration - clicked   on continue
07:54:19.072 [main] INFO  testCases.TC_001_AccountRegistration - Validation Started
07:54:29.087 [main] ERROR testCases.TC_001_AccountRegistration - Registration test Failed
07:57:06.305 [main] INFO  testCases.TC_001_AccountRegistration - Starting TC_001_AccountRegistration 
07:57:06.307 [main] INFO  testCases.TC_001_AccountRegistration - Launching Application
07:57:07.658 [main] INFO  testCases.TC_001_AccountRegistration - clicking and registering for MyAccount
07:57:08.122 [main] INFO  testCases.TC_001_AccountRegistration - provided FirstName
07:57:08.202 [main] INFO  testCases.TC_001_AccountRegistration - provided LastName
07:57:08.277 [main] INFO  testCases.TC_001_AccountRegistration - provided Email
07:57:08.342 [main] INFO  testCases.TC_001_AccountRegistration - provided telephone number
07:57:08.415 [main] INFO  testCases.TC_001_AccountRegistration - provided password and confirm password
07:57:08.551 [main] INFO  testCases.TC_001_AccountRegistration - clicked privacy policy
07:57:08.581 [main] INFO  testCases.TC_001_AccountRegistration - clicked   on continue
07:57:08.658 [main] INFO  testCases.TC_001_AccountRegistration - Validation Started
07:57:18.730 [main] ERROR testCases.TC_001_AccountRegistration - Registration test Failed
08:00:02.871 [main] INFO  testCases.TC_001_AccountRegistration - Starting TC_001_AccountRegistration 
08:00:02.875 [main] INFO  testCases.TC_001_AccountRegistration - Launching Application
08:00:03.979 [main] INFO  testCases.TC_001_AccountRegistration - clicking and registering for MyAccount
08:00:04.501 [main] INFO  testCases.TC_001_AccountRegistration - provided FirstName
08:00:04.621 [main] INFO  testCases.TC_001_AccountRegistration - provided LastName
08:00:04.691 [main] INFO  testCases.TC_001_AccountRegistration - provided Email
08:00:04.742 [main] INFO  testCases.TC_001_AccountRegistration - provided telephone number
08:00:04.796 [main] INFO  testCases.TC_001_AccountRegistration - provided password and confirm password
08:00:04.901 [main] INFO  testCases.TC_001_AccountRegistration - clicked privacy policy
08:00:04.920 [main] INFO  testCases.TC_001_AccountRegistration - clicked   on continue
08:00:04.978 [main] INFO  testCases.TC_001_AccountRegistration - Validation Started
08:00:14.998 [main] ERROR testCases.TC_001_AccountRegistration - Registration test Failed
08:00:17.985 [main] INFO  testCases.TC_001_AccountRegistration - Starting TC_001_AccountRegistration 
08:00:17.985 [main] INFO  testCases.TC_001_AccountRegistration - Launching Application
08:00:18.709 [main] INFO  testCases.TC_001_AccountRegistration - clicking and registering for MyAccount
08:00:19.259 [main] INFO  testCases.TC_001_AccountRegistration - provided FirstName
08:00:19.350 [main] INFO  testCases.TC_001_AccountRegistration - provided LastName
08:00:19.423 [main] INFO  testCases.TC_001_AccountRegistration - provided Email
08:00:19.492 [main] INFO  testCases.TC_001_AccountRegistration - provided telephone number
08:00:19.574 [main] INFO  testCases.TC_001_AccountRegistration - provided password and confirm password
08:00:19.732 [main] INFO  testCases.TC_001_AccountRegistration - clicked privacy policy
08:00:19.762 [main] INFO  testCases.TC_001_AccountRegistration - clicked   on continue
08:00:19.847 [main] INFO  testCases.TC_001_AccountRegistration - Validation Started
08:00:23.298 [main] ERROR testCases.TC_001_AccountRegistration - Registration test Failed
08:02:31.981 [TestNG-tests-1] INFO  testCases.TC_001_AccountRegistration - Starting TC_001_AccountRegistration 
08:02:31.984 [TestNG-tests-1] INFO  testCases.TC_001_AccountRegistration - Launching Application
08:02:33.568 [TestNG-tests-1] INFO  testCases.TC_001_AccountRegistration - clicking and registering for MyAccount
08:02:33.765 [TestNG-tests-2] INFO  testCases.TC_001_AccountRegistration - Starting TC_001_AccountRegistration 
08:02:33.766 [TestNG-tests-2] INFO  testCases.TC_001_AccountRegistration - Launching Application
08:02:34.243 [TestNG-tests-1] INFO  testCases.TC_001_AccountRegistration - provided FirstName
08:02:34.335 [TestNG-tests-1] INFO  testCases.TC_001_AccountRegistration - provided LastName
08:02:34.449 [TestNG-tests-1] INFO  testCases.TC_001_AccountRegistration - provided Email
08:02:34.520 [TestNG-tests-1] INFO  testCases.TC_001_AccountRegistration - provided telephone number
08:02:34.594 [TestNG-tests-1] INFO  testCases.TC_001_AccountRegistration - provided password and confirm password
08:02:34.753 [TestNG-tests-1] INFO  testCases.TC_001_AccountRegistration - clicked privacy policy
08:02:34.781 [TestNG-tests-1] INFO  testCases.TC_001_AccountRegistration - clicked   on continue
08:02:34.857 [TestNG-tests-1] INFO  testCases.TC_001_AccountRegistration - Validation Started
08:02:35.110 [TestNG-tests-2] INFO  testCases.TC_001_AccountRegistration - clicking and registering for MyAccount
08:02:35.651 [TestNG-tests-2] INFO  testCases.TC_001_AccountRegistration - provided FirstName
08:02:35.750 [TestNG-tests-2] INFO  testCases.TC_001_AccountRegistration - provided LastName
08:02:35.835 [TestNG-tests-2] INFO  testCases.TC_001_AccountRegistration - provided Email
08:02:35.917 [TestNG-tests-2] INFO  testCases.TC_001_AccountRegistration - provided telephone number
08:02:36.005 [TestNG-tests-2] INFO  testCases.TC_001_AccountRegistration - provided password and confirm password
08:02:36.212 [TestNG-tests-2] INFO  testCases.TC_001_AccountRegistration - clicked privacy policy
08:02:36.237 [TestNG-tests-2] INFO  testCases.TC_001_AccountRegistration - clicked   on continue
08:02:36.333 [TestNG-tests-2] INFO  testCases.TC_001_AccountRegistration - Validation Started
08:02:44.914 [TestNG-tests-1] ERROR testCases.TC_001_AccountRegistration - Registration test Failed
08:02:47.196 [TestNG-tests-2] ERROR testCases.TC_001_AccountRegistration - Registration test Failed
08:03:03.055 [TestNG-tests-1] INFO  testCases.TC_001_AccountRegistration - Starting TC_001_AccountRegistration 
08:03:03.059 [TestNG-tests-1] INFO  testCases.TC_001_AccountRegistration - Launching Application
08:03:04.118 [TestNG-tests-1] INFO  testCases.TC_001_AccountRegistration - clicking and registering for MyAccount
08:03:04.801 [TestNG-tests-1] INFO  testCases.TC_001_AccountRegistration - provided FirstName
08:03:04.892 [TestNG-tests-2] INFO  testCases.TC_001_AccountRegistration - Starting TC_001_AccountRegistration 
08:03:04.892 [TestNG-tests-2] INFO  testCases.TC_001_AccountRegistration - Launching Application
08:03:04.930 [TestNG-tests-1] INFO  testCases.TC_001_AccountRegistration - provided LastName
08:03:05.032 [TestNG-tests-1] INFO  testCases.TC_001_AccountRegistration - provided Email
08:03:05.107 [TestNG-tests-1] INFO  testCases.TC_001_AccountRegistration - provided telephone number
08:03:05.215 [TestNG-tests-1] INFO  testCases.TC_001_AccountRegistration - provided password and confirm password
08:03:05.446 [TestNG-tests-1] INFO  testCases.TC_001_AccountRegistration - clicked privacy policy
08:03:05.476 [TestNG-tests-1] INFO  testCases.TC_001_AccountRegistration - clicked   on continue
08:03:05.551 [TestNG-tests-1] INFO  testCases.TC_001_AccountRegistration - Validation Started
08:03:05.781 [TestNG-tests-2] INFO  testCases.TC_001_AccountRegistration - clicking and registering for MyAccount
08:03:06.402 [TestNG-tests-2] INFO  testCases.TC_001_AccountRegistration - provided FirstName
08:03:06.497 [TestNG-tests-2] INFO  testCases.TC_001_AccountRegistration - provided LastName
08:03:06.594 [TestNG-tests-2] INFO  testCases.TC_001_AccountRegistration - provided Email
08:03:06.669 [TestNG-tests-2] INFO  testCases.TC_001_AccountRegistration - provided telephone number
08:03:06.750 [TestNG-tests-2] INFO  testCases.TC_001_AccountRegistration - provided password and confirm password
08:03:06.923 [TestNG-tests-2] INFO  testCases.TC_001_AccountRegistration - clicked privacy policy
08:03:06.952 [TestNG-tests-2] INFO  testCases.TC_001_AccountRegistration - clicked   on continue
08:03:07.049 [TestNG-tests-2] INFO  testCases.TC_001_AccountRegistration - Validation Started
08:03:15.633 [TestNG-tests-1] ERROR testCases.TC_001_AccountRegistration - Registration test Failed
08:03:17.101 [TestNG-tests-2] ERROR testCases.TC_001_AccountRegistration - Registration test Failed
08:41:54.022 [main] INFO  testCases.TC_001_AccountRegistration - Starting TC_001_AccountRegistration 
08:41:54.026 [main] INFO  testCases.TC_001_AccountRegistration - Launching Application
08:41:55.364 [main] INFO  testCases.TC_001_AccountRegistration - clicking and registering for MyAccount
08:41:55.851 [main] INFO  testCases.TC_001_AccountRegistration - provided FirstName
08:41:55.932 [main] INFO  testCases.TC_001_AccountRegistration - provided LastName
08:41:56.007 [main] INFO  testCases.TC_001_AccountRegistration - provided Email
08:41:56.087 [main] INFO  testCases.TC_001_AccountRegistration - provided telephone number
08:41:56.162 [main] INFO  testCases.TC_001_AccountRegistration - provided password and confirm password
08:41:56.315 [main] INFO  testCases.TC_001_AccountRegistration - clicked privacy policy
08:41:56.339 [main] INFO  testCases.TC_001_AccountRegistration - clicked   on continue
08:41:58.746 [main] INFO  testCases.TC_001_AccountRegistration - Validation Started
08:41:58.787 [main] INFO  testCases.TC_001_AccountRegistration - Registation test passed
09:29:39.783 [main] INFO  testCases.TC_001_AccountRegistration - Starting TC_001_AccountRegistration 
09:29:39.786 [main] INFO  testCases.TC_001_AccountRegistration - Launching Application
09:29:41.148 [main] INFO  testCases.TC_001_AccountRegistration - clicking and registering for MyAccount
09:29:41.681 [main] INFO  testCases.TC_001_AccountRegistration - provided FirstName
09:29:41.777 [main] INFO  testCases.TC_001_AccountRegistration - provided LastName
09:29:41.852 [main] INFO  testCases.TC_001_AccountRegistration - provided Email
09:29:41.920 [main] INFO  testCases.TC_001_AccountRegistration - provided telephone number
09:29:41.995 [main] INFO  testCases.TC_001_AccountRegistration - provided password and confirm password
09:29:42.142 [main] INFO  testCases.TC_001_AccountRegistration - clicked privacy policy
09:29:42.162 [main] INFO  testCases.TC_001_AccountRegistration - clicked   on continue
09:29:42.231 [main] INFO  testCases.TC_001_AccountRegistration - Validation Started
09:29:52.618 [main] ERROR testCases.TC_001_AccountRegistration - Registration test Failed
09:33:39.044 [main] INFO  testCases.TC_001_AccountRegistration - Starting TC_001_AccountRegistration 
09:33:39.047 [main] INFO  testCases.TC_001_AccountRegistration - Launching Application
09:33:40.393 [main] INFO  testCases.TC_001_AccountRegistration - clicking and registering for MyAccount
09:33:40.886 [main] INFO  testCases.TC_001_AccountRegistration - provided FirstName
09:33:40.977 [main] INFO  testCases.TC_001_AccountRegistration - provided LastName
09:33:41.049 [main] INFO  testCases.TC_001_AccountRegistration - provided Email
09:33:41.128 [main] INFO  testCases.TC_001_AccountRegistration - provided telephone number
09:33:41.200 [main] INFO  testCases.TC_001_AccountRegistration - provided password and confirm password
09:33:41.354 [main] INFO  testCases.TC_001_AccountRegistration - clicked privacy policy
09:33:41.386 [main] INFO  testCases.TC_001_AccountRegistration - clicked   on continue
09:33:43.807 [main] INFO  testCases.TC_001_AccountRegistration - Validation Started
09:33:43.852 [main] INFO  testCases.TC_001_AccountRegistration - Registation test passed
09:37:06.841 [main] INFO  testCases.TC_001_AccountRegistration - Starting TC_001_AccountRegistration 
09:37:06.845 [main] INFO  testCases.TC_001_AccountRegistration - Launching Application
09:37:07.990 [main] INFO  testCases.TC_001_AccountRegistration - clicking and registering for MyAccount
09:37:08.418 [main] INFO  testCases.TC_001_AccountRegistration - provided FirstName
09:37:08.500 [main] INFO  testCases.TC_001_AccountRegistration - provided LastName
09:37:08.579 [main] INFO  testCases.TC_001_AccountRegistration - provided Email
09:37:08.656 [main] INFO  testCases.TC_001_AccountRegistration - provided telephone number
09:37:08.730 [main] INFO  testCases.TC_001_AccountRegistration - provided password and confirm password
09:37:08.870 [main] INFO  testCases.TC_001_AccountRegistration - clicked privacy policy
09:37:08.896 [main] INFO  testCases.TC_001_AccountRegistration - clicked   on continue
09:37:11.344 [main] INFO  testCases.TC_001_AccountRegistration - Validation Started
09:37:11.386 [main] INFO  testCases.TC_001_AccountRegistration - Registation test passed
09:40:03.297 [main] INFO  testCases.TC_001_AccountRegistration - Starting TC_001_AccountRegistration 
09:40:03.300 [main] INFO  testCases.TC_001_AccountRegistration - Launching Application
09:40:04.538 [main] INFO  testCases.TC_001_AccountRegistration - clicking and registering for MyAccount
09:40:05.018 [main] INFO  testCases.TC_001_AccountRegistration - provided FirstName
09:40:05.098 [main] INFO  testCases.TC_001_AccountRegistration - provided LastName
09:40:05.173 [main] INFO  testCases.TC_001_AccountRegistration - provided Email
09:40:05.254 [main] INFO  testCases.TC_001_AccountRegistration - provided telephone number
09:40:05.324 [main] INFO  testCases.TC_001_AccountRegistration - provided password and confirm password
09:40:05.468 [main] INFO  testCases.TC_001_AccountRegistration - clicked privacy policy
09:40:05.495 [main] INFO  testCases.TC_001_AccountRegistration - clicked   on continue
09:40:07.900 [main] INFO  testCases.TC_001_AccountRegistration - Validation Started
09:40:07.944 [main] INFO  testCases.TC_001_AccountRegistration - Registation test passed
09:54:21.233 [main] INFO  testCases.TC_001_AccountRegistration - Starting TC_001_AccountRegistration 
09:54:21.237 [main] INFO  testCases.TC_001_AccountRegistration - Launching Application
09:54:22.345 [main] INFO  testCases.TC_001_AccountRegistration - clicking and registering for MyAccount
09:54:22.807 [main] INFO  testCases.TC_001_AccountRegistration - provided FirstName
09:54:22.893 [main] INFO  testCases.TC_001_AccountRegistration - provided LastName
09:54:22.968 [main] INFO  testCases.TC_001_AccountRegistration - provided Email
09:54:23.050 [main] INFO  testCases.TC_001_AccountRegistration - provided telephone number
09:54:23.121 [main] INFO  testCases.TC_001_AccountRegistration - provided password and confirm password
09:54:23.285 [main] INFO  testCases.TC_001_AccountRegistration - clicked privacy policy
09:54:23.313 [main] INFO  testCases.TC_001_AccountRegistration - clicked   on continue
09:54:25.739 [main] INFO  testCases.TC_001_AccountRegistration - Validation Started
09:54:25.787 [main] INFO  testCases.TC_001_AccountRegistration - Registation test passed
10:07:45.475 [main] INFO  testCases.TC_001_AccountRegistration - Starting TC_001_AccountRegistration 
10:07:45.477 [main] INFO  testCases.TC_001_AccountRegistration - Launching Application
10:07:46.389 [main] INFO  testCases.TC_001_AccountRegistration - clicking and registering for MyAccount
10:07:46.839 [main] INFO  testCases.TC_001_AccountRegistration - provided FirstName
10:07:46.927 [main] INFO  testCases.TC_001_AccountRegistration - provided LastName
10:07:47.003 [main] INFO  testCases.TC_001_AccountRegistration - provided Email
10:07:47.085 [main] INFO  testCases.TC_001_AccountRegistration - provided telephone number
10:07:47.153 [main] INFO  testCases.TC_001_AccountRegistration - provided password and confirm password
10:07:47.298 [main] INFO  testCases.TC_001_AccountRegistration - clicked privacy policy
10:07:47.322 [main] INFO  testCases.TC_001_AccountRegistration - clicked   on continue
10:07:49.690 [main] INFO  testCases.TC_001_AccountRegistration - Validation Started
10:07:49.729 [main] INFO  testCases.TC_001_AccountRegistration - Registation test passed
17:09:31.577 [main] INFO  testCases.TC_001_AccountRegistration - Starting TC_001_AccountRegistration 
17:09:31.581 [main] INFO  testCases.TC_001_AccountRegistration - Launching Application
17:09:32.716 [main] INFO  testCases.TC_001_AccountRegistration - clicking and registering for MyAccount
17:09:33.371 [main] INFO  testCases.TC_001_AccountRegistration - provided FirstName
17:09:33.463 [main] INFO  testCases.TC_001_AccountRegistration - provided LastName
17:09:33.536 [main] INFO  testCases.TC_001_AccountRegistration - provided Email
17:09:33.625 [main] INFO  testCases.TC_001_AccountRegistration - provided telephone number
17:09:33.702 [main] INFO  testCases.TC_001_AccountRegistration - provided password and confirm password
17:09:33.859 [main] INFO  testCases.TC_001_AccountRegistration - clicked privacy policy
17:09:33.884 [main] INFO  testCases.TC_001_AccountRegistration - clicked   on continue
17:09:36.447 [main] INFO  testCases.TC_001_AccountRegistration - Validation Started
17:09:36.498 [main] INFO  testCases.TC_001_AccountRegistration - Registation test passed
17:11:32.768 [main] INFO  testCases.TC_001_AccountRegistration - Starting TC_001_AccountRegistration 
17:11:32.770 [main] INFO  testCases.TC_001_AccountRegistration - Launching Application
17:11:33.522 [main] INFO  testCases.TC_001_AccountRegistration - clicking and registering for MyAccount
17:11:34.278 [main] INFO  testCases.TC_001_AccountRegistration - provided FirstName
17:11:34.361 [main] INFO  testCases.TC_001_AccountRegistration - provided LastName
17:11:34.444 [main] INFO  testCases.TC_001_AccountRegistration - provided Email
17:11:34.536 [main] INFO  testCases.TC_001_AccountRegistration - provided telephone number
17:11:34.616 [main] INFO  testCases.TC_001_AccountRegistration - provided password and confirm password
17:11:34.765 [main] INFO  testCases.TC_001_AccountRegistration - clicked privacy policy
17:11:34.789 [main] INFO  testCases.TC_001_AccountRegistration - clicked   on continue
17:11:37.389 [main] INFO  testCases.TC_001_AccountRegistration - Validation Started
17:11:37.433 [main] INFO  testCases.TC_001_AccountRegistration - Registation test passed
17:14:24.361 [main] INFO  testCases.TC_001_AccountRegistration - Starting TC_001_AccountRegistration 
17:14:24.364 [main] INFO  testCases.TC_001_AccountRegistration - Launching Application
17:14:25.488 [main] INFO  testCases.TC_001_AccountRegistration - clicking and registering for MyAccount
17:14:26.143 [main] INFO  testCases.TC_001_AccountRegistration - provided FirstName
17:14:26.229 [main] INFO  testCases.TC_001_AccountRegistration - provided LastName
17:14:26.303 [main] INFO  testCases.TC_001_AccountRegistration - provided Email
17:14:26.392 [main] INFO  testCases.TC_001_AccountRegistration - provided telephone number
17:14:26.467 [main] INFO  testCases.TC_001_AccountRegistration - provided password and confirm password
17:14:26.612 [main] INFO  testCases.TC_001_AccountRegistration - clicked privacy policy
17:14:26.634 [main] INFO  testCases.TC_001_AccountRegistration - clicked   on continue
17:14:29.218 [main] INFO  testCases.TC_001_AccountRegistration - Validation Started
17:14:29.262 [main] INFO  testCases.TC_001_AccountRegistration - Registation test passed
17:16:55.207 [main] INFO  testCases.TC_001_AccountRegistration - Starting TC_001_AccountRegistration 
17:16:55.211 [main] INFO  testCases.TC_001_AccountRegistration - Launching Application
17:16:56.329 [main] INFO  testCases.TC_001_AccountRegistration - clicking and registering for MyAccount
17:16:56.897 [main] INFO  testCases.TC_001_AccountRegistration - provided FirstName
17:16:56.981 [main] INFO  testCases.TC_001_AccountRegistration - provided LastName
17:16:57.059 [main] INFO  testCases.TC_001_AccountRegistration - provided Email
17:16:57.148 [main] INFO  testCases.TC_001_AccountRegistration - provided telephone number
17:16:57.228 [main] INFO  testCases.TC_001_AccountRegistration - provided password and confirm password
17:16:57.381 [main] INFO  testCases.TC_001_AccountRegistration - clicked privacy policy
17:16:57.406 [main] INFO  testCases.TC_001_AccountRegistration - clicked   on continue
17:16:59.992 [main] INFO  testCases.TC_001_AccountRegistration - Validation Started
17:17:00.040 [main] INFO  testCases.TC_001_AccountRegistration - Registation test passed
17:20:21.361 [main] INFO  testCases.TC_001_AccountRegistration - Starting TC_001_AccountRegistration 
17:20:21.365 [main] INFO  testCases.TC_001_AccountRegistration - Launching Application
17:20:22.500 [main] INFO  testCases.TC_001_AccountRegistration - clicking and registering for MyAccount
17:20:23.147 [main] INFO  testCases.TC_001_AccountRegistration - provided FirstName
17:20:23.233 [main] INFO  testCases.TC_001_AccountRegistration - provided LastName
17:20:23.318 [main] INFO  testCases.TC_001_AccountRegistration - provided Email
17:20:23.407 [main] INFO  testCases.TC_001_AccountRegistration - provided telephone number
17:20:23.486 [main] INFO  testCases.TC_001_AccountRegistration - provided password and confirm password
17:20:23.644 [main] INFO  testCases.TC_001_AccountRegistration - clicked privacy policy
17:20:23.672 [main] INFO  testCases.TC_001_AccountRegistration - clicked   on continue
17:20:26.266 [main] INFO  testCases.TC_001_AccountRegistration - Validation Started
17:20:26.317 [main] INFO  testCases.TC_001_AccountRegistration - Registation test passed
21:03:44.717 [main] INFO  testCases.TC_001_AccountRegistration - Starting TC_001_AccountRegistration 
21:03:44.720 [main] INFO  testCases.TC_001_AccountRegistration - Launching Application
21:03:45.571 [main] INFO  testCases.TC_001_AccountRegistration - clicking and registering for MyAccount
21:03:46.169 [main] INFO  testCases.TC_001_AccountRegistration - provided FirstName
21:03:46.255 [main] INFO  testCases.TC_001_AccountRegistration - provided LastName
21:03:46.334 [main] INFO  testCases.TC_001_AccountRegistration - provided Email
21:03:46.424 [main] INFO  testCases.TC_001_AccountRegistration - provided telephone number
21:03:46.498 [main] INFO  testCases.TC_001_AccountRegistration - provided password and confirm password
21:03:46.658 [main] INFO  testCases.TC_001_AccountRegistration - clicked privacy policy
21:03:46.683 [main] INFO  testCases.TC_001_AccountRegistration - clicked   on continue
21:03:49.274 [main] INFO  testCases.TC_001_AccountRegistration - Validation Started
21:03:49.303 [main] INFO  testCases.TC_001_AccountRegistration - Registation test passed
19:11:45.850 [main] INFO  testCases.TC_001_AccountRegistration - Starting TC_001_AccountRegistration 
19:11:45.855 [main] INFO  testCases.TC_001_AccountRegistration - Launching Application
19:11:46.493 [main] INFO  testCases.TC_001_AccountRegistration - clicking and registering for MyAccount
19:11:46.942 [main] INFO  testCases.TC_001_AccountRegistration - provided FirstName
19:11:47.018 [main] INFO  testCases.TC_001_AccountRegistration - provided LastName
19:11:47.069 [main] INFO  testCases.TC_001_AccountRegistration - provided Email
19:11:47.142 [main] INFO  testCases.TC_001_AccountRegistration - provided telephone number
19:11:47.200 [main] INFO  testCases.TC_001_AccountRegistration - provided password and confirm password
19:11:47.285 [main] INFO  testCases.TC_001_AccountRegistration - clicked privacy policy
19:11:47.302 [main] INFO  testCases.TC_001_AccountRegistration - clicked   on continue
19:11:49.718 [main] INFO  testCases.TC_001_AccountRegistration - Validation Started
19:11:49.743 [main] INFO  testCases.TC_001_AccountRegistration - Registation test passed
15:19:14.316 [main] INFO  testCases.TC_001_AccountRegistration - Starting TC_001_AccountRegistration 
15:19:14.319 [main] INFO  testCases.TC_001_AccountRegistration - Launching Application
15:19:15.436 [main] INFO  testCases.TC_001_AccountRegistration - clicking and registering for MyAccount
15:19:15.990 [main] INFO  testCases.TC_001_AccountRegistration - provided FirstName
15:19:16.084 [main] INFO  testCases.TC_001_AccountRegistration - provided LastName
15:19:16.157 [main] INFO  testCases.TC_001_AccountRegistration - provided Email
15:19:16.244 [main] INFO  testCases.TC_001_AccountRegistration - provided telephone number
15:19:16.319 [main] INFO  testCases.TC_001_AccountRegistration - provided password and confirm password
15:19:16.464 [main] INFO  testCases.TC_001_AccountRegistration - clicked privacy policy
15:19:16.489 [main] INFO  testCases.TC_001_AccountRegistration - clicked   on continue
15:19:18.940 [main] INFO  testCases.TC_001_AccountRegistration - Validation Started
15:19:18.987 [main] INFO  testCases.TC_001_AccountRegistration - Registation test passed
15:40:45.803 [main] INFO  testCases.TC_001_AccountRegistration - Starting TC_001_AccountRegistration 
15:40:45.806 [main] INFO  testCases.TC_001_AccountRegistration - Launching Application
15:40:46.650 [main] INFO  testCases.TC_001_AccountRegistration - clicking and registering for MyAccount
15:40:47.386 [main] INFO  testCases.TC_001_AccountRegistration - provided FirstName
15:40:47.495 [main] INFO  testCases.TC_001_AccountRegistration - provided LastName
15:40:47.576 [main] INFO  testCases.TC_001_AccountRegistration - provided Email
15:40:47.668 [main] INFO  testCases.TC_001_AccountRegistration - provided telephone number
15:40:47.756 [main] INFO  testCases.TC_001_AccountRegistration - provided password and confirm password
15:40:47.913 [main] INFO  testCases.TC_001_AccountRegistration - clicked privacy policy
15:40:47.937 [main] INFO  testCases.TC_001_AccountRegistration - clicked   on continue
15:40:50.778 [main] INFO  testCases.TC_001_AccountRegistration - Validation Started
15:40:50.834 [main] INFO  testCases.TC_001_AccountRegistration - Registation test passed
15:43:00.231 [main] INFO  testCases.TC_001_AccountRegistration - Starting TC_001_AccountRegistration 
15:43:00.235 [main] INFO  testCases.TC_001_AccountRegistration - Launching Application
15:43:01.307 [main] INFO  testCases.TC_001_AccountRegistration - clicking and registering for MyAccount
15:43:01.865 [main] INFO  testCases.TC_001_AccountRegistration - provided FirstName
15:43:01.967 [main] INFO  testCases.TC_001_AccountRegistration - provided LastName
15:43:02.046 [main] INFO  testCases.TC_001_AccountRegistration - provided Email
15:43:02.153 [main] INFO  testCases.TC_001_AccountRegistration - provided telephone number
15:43:02.235 [main] INFO  testCases.TC_001_AccountRegistration - provided password and confirm password
15:43:02.400 [main] INFO  testCases.TC_001_AccountRegistration - clicked privacy policy
15:43:02.425 [main] INFO  testCases.TC_001_AccountRegistration - clicked   on continue
15:43:05.002 [main] INFO  testCases.TC_001_AccountRegistration - Validation Started
15:43:05.062 [main] INFO  testCases.TC_001_AccountRegistration - Registation test passed
18:43:23.419 [main] INFO  testCases.TC_001_AccountRegistration - Starting TC_001_AccountRegistration 
18:43:23.424 [main] INFO  testCases.TC_001_AccountRegistration - Launching Application
18:43:24.706 [main] INFO  testCases.TC_001_AccountRegistration - clicking and registering for MyAccount
18:43:25.356 [main] INFO  testCases.TC_001_AccountRegistration - provided FirstName
18:43:25.451 [main] INFO  testCases.TC_001_AccountRegistration - provided LastName
18:43:25.536 [main] INFO  testCases.TC_001_AccountRegistration - provided Email
18:43:25.630 [main] INFO  testCases.TC_001_AccountRegistration - provided telephone number
18:43:25.707 [main] INFO  testCases.TC_001_AccountRegistration - provided password and confirm password
18:43:25.859 [main] INFO  testCases.TC_001_AccountRegistration - clicked privacy policy
18:43:25.892 [main] INFO  testCases.TC_001_AccountRegistration - clicked   on continue
18:43:28.710 [main] INFO  testCases.TC_001_AccountRegistration - Validation Started
18:43:28.760 [main] INFO  testCases.TC_001_AccountRegistration - Registation test passed
18:47:02.878 [main] INFO  testCases.TC_001_AccountRegistration - Starting TC_001_AccountRegistration 
18:47:02.882 [main] INFO  testCases.TC_001_AccountRegistration - Launching Application
18:47:04.092 [main] INFO  testCases.TC_001_AccountRegistration - clicking and registering for MyAccount
18:47:04.672 [main] INFO  testCases.TC_001_AccountRegistration - provided FirstName
18:47:04.779 [main] INFO  testCases.TC_001_AccountRegistration - provided LastName
18:47:04.881 [main] INFO  testCases.TC_001_AccountRegistration - provided Email
18:47:04.990 [main] INFO  testCases.TC_001_AccountRegistration - provided telephone number
18:47:05.076 [main] INFO  testCases.TC_001_AccountRegistration - provided password and confirm password
18:47:05.227 [main] INFO  testCases.TC_001_AccountRegistration - clicked privacy policy
18:47:05.256 [main] INFO  testCases.TC_001_AccountRegistration - clicked   on continue
18:47:08.034 [main] INFO  testCases.TC_001_AccountRegistration - Validation Started
18:47:08.078 [main] INFO  testCases.TC_001_AccountRegistration - Registation test passed
19:46:04.563 [main] INFO  testCases.TC_001_AccountRegistration - Starting TC_001_AccountRegistration 
19:46:04.616 [main] INFO  testCases.TC_001_AccountRegistration - Launching Application
19:46:06.237 [main] INFO  testCases.TC_001_AccountRegistration - clicking and registering for MyAccount
19:46:06.789 [main] INFO  testCases.TC_001_AccountRegistration - provided FirstName
19:46:06.901 [main] INFO  testCases.TC_001_AccountRegistration - provided LastName
19:46:06.995 [main] INFO  testCases.TC_001_AccountRegistration - provided Email
19:46:07.116 [main] INFO  testCases.TC_001_AccountRegistration - provided telephone number
19:46:07.216 [main] INFO  testCases.TC_001_AccountRegistration - provided password and confirm password
19:46:07.385 [main] INFO  testCases.TC_001_AccountRegistration - clicked privacy policy
19:46:07.420 [main] INFO  testCases.TC_001_AccountRegistration - clicked   on continue
19:46:10.239 [main] INFO  testCases.TC_001_AccountRegistration - Validation Started
19:46:10.280 [main] INFO  testCases.TC_001_AccountRegistration - Registation test passed
19:51:05.607 [main] INFO  testCases.TC_001_AccountRegistration - Starting TC_001_AccountRegistration 
19:51:05.611 [main] INFO  testCases.TC_001_AccountRegistration - Launching Application
19:51:06.720 [main] INFO  testCases.TC_001_AccountRegistration - clicking and registering for MyAccount
19:51:07.441 [main] INFO  testCases.TC_001_AccountRegistration - provided FirstName
19:51:07.537 [main] INFO  testCases.TC_001_AccountRegistration - provided LastName
19:51:07.617 [main] INFO  testCases.TC_001_AccountRegistration - provided Email
19:51:07.711 [main] INFO  testCases.TC_001_AccountRegistration - provided telephone number
19:51:07.792 [main] INFO  testCases.TC_001_AccountRegistration - provided password and confirm password
19:51:07.925 [main] INFO  testCases.TC_001_AccountRegistration - clicked privacy policy
19:51:07.949 [main] INFO  testCases.TC_001_AccountRegistration - clicked   on continue
19:51:10.529 [main] INFO  testCases.TC_001_AccountRegistration - Validation Started
19:51:10.568 [main] INFO  testCases.TC_001_AccountRegistration - Registation test passed
19:53:58.277 [main] INFO  testCases.TC_001_AccountRegistration - Starting TC_001_AccountRegistration 
19:53:58.282 [main] INFO  testCases.TC_001_AccountRegistration - Launching Application
19:53:59.678 [main] INFO  testCases.TC_001_AccountRegistration - clicking and registering for MyAccount
19:54:00.327 [main] INFO  testCases.TC_001_AccountRegistration - provided FirstName
19:54:00.423 [main] INFO  testCases.TC_001_AccountRegistration - provided LastName
19:54:00.502 [main] INFO  testCases.TC_001_AccountRegistration - provided Email
19:54:00.594 [main] INFO  testCases.TC_001_AccountRegistration - provided telephone number
19:54:00.669 [main] INFO  testCases.TC_001_AccountRegistration - provided password and confirm password
19:54:00.812 [main] INFO  testCases.TC_001_AccountRegistration - clicked privacy policy
19:54:00.842 [main] INFO  testCases.TC_001_AccountRegistration - clicked   on continue
19:54:03.464 [main] INFO  testCases.TC_001_AccountRegistration - Validation Started
19:54:03.509 [main] INFO  testCases.TC_001_AccountRegistration - Registation test passed
19:55:39.547 [main] INFO  testCases.TC_001_AccountRegistration - Starting TC_001_AccountRegistration 
19:55:39.552 [main] INFO  testCases.TC_001_AccountRegistration - Launching Application
19:55:41.144 [main] INFO  testCases.TC_001_AccountRegistration - clicking and registering for MyAccount
19:55:41.707 [main] INFO  testCases.TC_001_AccountRegistration - provided FirstName
19:55:41.796 [main] INFO  testCases.TC_001_AccountRegistration - provided LastName
19:55:41.880 [main] INFO  testCases.TC_001_AccountRegistration - provided Email
19:55:41.970 [main] INFO  testCases.TC_001_AccountRegistration - provided telephone number
19:55:42.040 [main] INFO  testCases.TC_001_AccountRegistration - provided password and confirm password
19:55:42.181 [main] INFO  testCases.TC_001_AccountRegistration - clicked privacy policy
19:55:42.208 [main] INFO  testCases.TC_001_AccountRegistration - clicked   on continue
19:55:44.829 [main] INFO  testCases.TC_001_AccountRegistration - Validation Started
19:55:44.873 [main] INFO  testCases.TC_001_AccountRegistration - Registation test passed
20:05:00.286 [main] INFO  testCases.TC_001_AccountRegistration - Starting TC_001_AccountRegistration 
20:05:00.291 [main] INFO  testCases.TC_001_AccountRegistration - Launching Application
20:05:01.364 [main] INFO  testCases.TC_001_AccountRegistration - clicking and registering for MyAccount
20:05:01.973 [main] INFO  testCases.TC_001_AccountRegistration - provided FirstName
20:05:02.062 [main] INFO  testCases.TC_001_AccountRegistration - provided LastName
20:05:02.139 [main] INFO  testCases.TC_001_AccountRegistration - provided Email
20:05:02.220 [main] INFO  testCases.TC_001_AccountRegistration - provided telephone number
20:05:02.296 [main] INFO  testCases.TC_001_AccountRegistration - provided password and confirm password
20:05:02.444 [main] INFO  testCases.TC_001_AccountRegistration - clicked privacy policy
20:05:02.473 [main] INFO  testCases.TC_001_AccountRegistration - clicked   on continue
20:05:05.043 [main] INFO  testCases.TC_001_AccountRegistration - Validation Started
20:05:05.089 [main] INFO  testCases.TC_001_AccountRegistration - Registation test passed
